2019-09-12 09:48:57,022 - test[line:153] - INFO: 服务器启动
2019-09-12 09:49:40,564 - test[line:153] - INFO: 服务器启动
2019-09-12 09:50:22,562 - test[line:153] - INFO: 服务器启动
2019-09-12 09:54:11,024 - test[line:153] - INFO: 服务器启动
2019-09-12 10:00:30,743 - test[line:153] - INFO: 服务器启动
2019-09-12 10:00:40,931 - test[line:153] - INFO: connect to smtp.qiye.163.com in port 465
2019-09-12 10:00:41,135 - test[line:153] - INFO: Connect SMTP OK
2019-09-12 10:00:41,271 - test[line:137] - DEBUG: 登录服务器成功
2019-09-12 10:00:41,271 - test[line:137] - DEBUG: 我的签名:<华院数据>service@huaat.net
2019-09-12 10:00:41,593 - test[line:153] - INFO: 邮件发送成功
2019-09-12 10:00:41,593 - test[line:153] - INFO: 邮件发送完毕或无任务，退出登陆
2019-09-12 10:01:34,173 - test[line:153] - INFO: connect to smtp.qiye.163.com in port 465
2019-09-12 10:01:34,371 - test[line:153] - INFO: Connect SMTP OK
2019-09-12 10:01:34,502 - test[line:137] - DEBUG: 登录服务器成功
2019-09-12 10:01:34,502 - test[line:137] - DEBUG: 我的签名:<华院数据>service@huaat.net
2019-09-12 10:01:34,698 - test[line:153] - INFO: 邮件发送成功
2019-09-12 10:01:34,698 - test[line:153] - INFO: 邮件发送完毕或无任务，退出登陆
2019-09-12 10:30:26,851 - test[line:153] - INFO: 服务器启动
2019-09-12 10:30:33,285 - test[line:153] - INFO: connect to smtp.qiye.163.com in port 465
2019-09-12 10:30:33,498 - test[line:153] - INFO: Connect SMTP OK
2019-09-12 10:30:33,765 - test[line:137] - DEBUG: 登录服务器成功
2019-09-12 10:30:33,765 - test[line:137] - DEBUG: 我的签名:<华院数据>service@huaat.net
2019-09-12 10:30:33,936 - test[line:153] - INFO: 邮件发送成功
2019-09-12 10:30:33,936 - test[line:153] - INFO: 邮件发送完毕或无任务，退出登陆
2019-09-26 11:22:36,624 - test[line:153] - INFO: 服务器启动
2019-09-26 11:25:04,512 - test[line:153] - INFO: 服务器启动
2019-09-26 11:25:43,626 - test[line:153] - INFO: 服务器启动
2019-09-26 11:27:20,303 - test[line:153] - INFO: 服务器启动
2019-09-27 19:01:10,831 - test[line:153] - INFO: 服务器启动
2019-10-17 16:04:35,154 - test[line:153] - INFO: 服务器启动
2019-10-17 16:04:48,541 - test[line:153] - INFO: 服务器启动
2019-10-17 16:05:24,493 - test[line:153] - INFO: 服务器启动
2019-10-17 16:55:51,497 - test[line:153] - INFO: 服务器启动
2019-10-17 16:56:23,458 - test[line:153] - INFO: 服务器启动
2019-10-17 16:56:58,548 - test[line:153] - INFO: 服务器启动
2019-10-17 16:58:08,400 - test[line:153] - INFO: 服务器启动
2019-10-17 16:58:21,389 - test[line:153] - INFO: 服务器启动
2019-10-17 17:01:57,686 - test[line:153] - INFO: 服务器启动
2019-10-17 17:04:08,063 - test[line:153] - INFO: 服务器启动
2019-10-17 17:04:12,569 - test[line:153] - INFO: 服务器启动
2019-11-18 10:58:41,529 - test[line:153] - INFO: 服务器启动
2019-11-18 11:03:25,257 - test[line:153] - INFO: 服务器启动
2019-11-18 11:07:43,202 - test[line:153] - INFO: 服务器启动
2019-11-18 11:18:00,120 - test[line:153] - INFO: 服务器启动
2019-11-18 11:19:48,495 - test[line:153] - INFO: 服务器启动
2019-11-18 11:23:08,551 - test[line:153] - INFO: 服务器启动
2019-11-18 11:24:04,442 - test[line:153] - INFO: 服务器启动
2019-11-18 11:24:51,285 - test[line:153] - INFO: 服务器启动
2019-11-18 11:26:20,042 - test[line:153] - INFO: 服务器启动
2019-11-18 11:27:24,252 - test[line:153] - INFO: 服务器启动
2019-11-18 11:29:13,609 - test[line:153] - INFO: 服务器启动
2019-11-18 11:30:07,685 - test[line:153] - INFO: 服务器启动
2019-11-18 11:31:15,134 - test[line:153] - INFO: 服务器启动
2019-11-18 11:34:18,743 - test[line:153] - INFO: 服务器启动
2019-11-18 11:37:22,319 - test[line:153] - INFO: 服务器启动
2019-11-18 11:40:27,113 - test[line:153] - INFO: 服务器启动
2019-11-18 11:42:42,644 - test[line:153] - INFO: 服务器启动
2019-11-18 11:43:30,115 - test[line:153] - INFO: 服务器启动
2019-11-18 11:44:13,821 - test[line:153] - INFO: 服务器启动
2019-11-18 11:50:07,161 - test[line:153] - INFO: 服务器启动
2019-11-18 13:58:05,883 - test[line:153] - INFO: 服务器启动
2019-11-18 13:59:42,035 - test[line:153] - INFO: 服务器启动
2019-11-18 14:01:10,390 - test[line:153] - INFO: 服务器启动
2019-11-18 14:03:07,633 - test[line:153] - INFO: 服务器启动
2019-11-18 14:12:14,783 - test[line:153] - INFO: 服务器启动
2019-11-18 14:24:11,365 - test[line:153] - INFO: 服务器启动
2019-11-18 14:28:07,932 - test[line:153] - INFO: 服务器启动
2019-11-18 14:33:20,673 - test[line:153] - INFO: 服务器启动
2019-11-19 15:13:27,118 - test[line:153] - INFO: 服务器启动
2019-11-19 15:15:04,855 - test[line:153] - INFO: 服务器启动
2019-11-19 15:20:20,357 - test[line:153] - INFO: 服务器启动
2019-11-19 15:22:18,726 - test[line:153] - INFO: 服务器启动
2019-11-19 15:55:46,250 - test[line:153] - INFO: 服务器启动
2019-11-19 16:18:59,590 - test[line:153] - INFO: 服务器启动
2019-11-19 16:20:42,083 - test[line:153] - INFO: 服务器启动
2019-11-19 16:26:45,510 - test[line:153] - INFO: 服务器启动
2019-11-19 17:34:54,742 - test[line:153] - INFO: 服务器启动
2019-11-20 10:47:09,141 - test[line:153] - INFO: 服务器启动
2019-11-20 10:59:56,120 - test[line:153] - INFO: 服务器启动
2019-11-20 11:01:00,660 - test[line:153] - INFO: 服务器启动
2019-11-20 11:01:03,724 - test[line:153] - INFO: 服务器启动
2019-11-20 11:01:22,520 - test[line:153] - INFO: 服务器启动
2019-11-20 11:01:57,692 - test[line:153] - INFO: 服务器启动
2019-11-20 11:03:29,977 - test[line:153] - INFO: 服务器启动
2019-11-20 11:03:39,509 - test[line:153] - INFO: 服务器启动
2019-11-20 11:04:13,006 - test[line:153] - INFO: 服务器启动
2019-11-20 11:04:21,731 - test[line:153] - INFO: 服务器启动
2019-11-20 11:05:34,539 - test[line:153] - INFO: 服务器启动
2019-11-20 11:10:55,630 - test[line:153] - INFO: 服务器启动
2019-11-20 11:11:55,045 - test[line:153] - INFO: 服务器启动
2019-11-20 11:15:16,038 - test[line:153] - INFO: 服务器启动
2019-11-20 11:17:57,171 - test[line:153] - INFO: 服务器启动
2019-11-20 11:19:31,823 - test[line:153] - INFO: 服务器启动
2019-11-20 11:32:20,521 - test[line:153] - INFO: 服务器启动
2019-11-20 11:57:13,574 - test[line:153] - INFO: 服务器启动
2019-11-20 15:08:54,974 - test[line:153] - INFO: 服务器启动
2019-11-20 15:10:24,903 - test[line:153] - INFO: 服务器启动
2019-11-20 15:11:23,694 - test[line:153] - INFO: 服务器启动
2019-11-20 15:12:36,940 - test[line:153] - INFO: 服务器启动
2019-11-20 15:14:29,962 - test[line:153] - INFO: 服务器启动
2019-11-20 15:14:39,426 - test[line:153] - INFO: 服务器启动
2019-11-20 15:16:54,099 - test[line:153] - INFO: 服务器启动
2019-11-20 15:17:01,722 - test[line:153] - INFO: 服务器启动
2019-11-20 15:20:05,921 - test[line:153] - INFO: 服务器启动
2019-11-20 15:21:27,413 - test[line:153] - INFO: 服务器启动
2019-11-20 15:24:15,844 - test[line:153] - INFO: 服务器启动
2019-11-20 15:26:21,105 - test[line:153] - INFO: 服务器启动
2019-11-20 15:27:26,096 - test[line:153] - INFO: 服务器启动
2019-11-20 15:36:10,302 - test[line:153] - INFO: 服务器启动
2019-11-20 15:36:28,225 - test[line:153] - INFO: 服务器启动
2019-11-20 15:37:40,670 - test[line:153] - INFO: 服务器启动
2019-11-20 15:38:56,301 - test[line:153] - INFO: 服务器启动
2019-11-20 15:55:49,312 - test[line:153] - INFO: 服务器启动
2019-11-20 15:56:43,855 - test[line:153] - INFO: 服务器启动
2019-11-20 15:57:02,026 - test[line:153] - INFO: 服务器启动
2019-11-20 15:57:07,177 - test[line:153] - INFO: 服务器启动
2019-11-20 15:57:44,585 - test[line:153] - INFO: 服务器启动
2019-11-21 09:39:58,213 - test[line:153] - INFO: 服务器启动
2019-11-21 09:47:46,405 - test[line:153] - INFO: 服务器启动
2019-11-21 10:12:11,747 - test[line:153] - INFO: 服务器启动
2019-11-21 10:25:57,690 - test[line:153] - INFO: 服务器启动
2019-11-21 11:55:50,463 - test[line:153] - INFO: 服务器启动
2019-11-21 14:25:42,535 - test[line:153] - INFO: 服务器启动
2019-11-21 14:29:08,333 - test[line:153] - INFO: 服务器启动
2019-11-21 14:29:22,363 - test[line:153] - INFO: 服务器启动
2019-11-21 14:30:00,229 - test[line:153] - INFO: 服务器启动
2019-11-21 14:33:27,995 - test[line:153] - INFO: 服务器启动
2019-11-21 14:35:09,611 - test[line:153] - INFO: 服务器启动
2019-11-21 14:47:00,923 - test[line:153] - INFO: 服务器启动
2019-11-21 15:09:08,986 - test[line:153] - INFO: 服务器启动
2019-11-21 15:09:54,778 - test[line:153] - INFO: 服务器启动
2019-11-21 15:10:21,848 - test[line:153] - INFO: 服务器启动
2019-11-21 15:10:50,581 - test[line:153] - INFO: 服务器启动
2019-11-21 15:11:53,627 - test[line:153] - INFO: 服务器启动
2019-11-21 15:14:32,080 - test[line:153] - INFO: 服务器启动
2019-11-21 15:14:35,761 - test[line:141] - WARNING: 'list' object has no attribute 'get'
2019-11-21 15:16:01,843 - test[line:153] - INFO: 服务器启动
2019-11-21 15:16:22,231 - test[line:153] - INFO: 服务器启动
2019-11-21 15:16:55,689 - test[line:153] - INFO: 服务器启动
2019-11-21 15:17:50,835 - test[line:153] - INFO: 服务器启动
2019-11-21 15:18:51,929 - test[line:153] - INFO: 服务器启动
2019-11-21 15:19:35,806 - test[line:153] - INFO: 服务器启动
2019-11-21 15:19:40,236 - test[line:141] - WARNING: 'list' object has no attribute 'get'
2019-11-21 15:19:56,248 - test[line:153] - INFO: 服务器启动
2019-11-21 15:21:08,350 - test[line:153] - INFO: 服务器启动
2019-11-21 15:21:17,528 - test[line:141] - WARNING: 'list' object has no attribute 'get'
2019-11-21 15:22:02,959 - test[line:153] - INFO: 服务器启动
2019-11-21 15:24:26,616 - test[line:141] - WARNING: unsupported operand type(s) for /: 'NoneType' and 'float'
2019-11-21 15:27:01,141 - test[line:153] - INFO: 服务器启动
2019-11-21 15:28:03,558 - test[line:141] - WARNING: unsupported operand type(s) for /: 'NoneType' and 'float'
2019-11-21 15:29:22,260 - test[line:153] - INFO: 服务器启动
2019-11-21 15:34:13,579 - test[line:153] - INFO: 服务器启动
2019-11-21 16:25:20,909 - test[line:153] - INFO: 服务器启动
2019-11-21 16:28:19,807 - test[line:153] - INFO: 服务器启动
2019-11-21 16:30:21,769 - test[line:153] - INFO: 服务器启动
2019-11-21 16:38:27,351 - test[line:153] - INFO: 服务器启动
2019-11-21 16:39:57,392 - test[line:153] - INFO: 服务器启动
2019-11-21 16:45:56,768 - test[line:153] - INFO: 服务器启动
2019-11-21 16:47:57,716 - test[line:153] - INFO: 服务器启动
2019-11-21 16:48:26,212 - test[line:153] - INFO: 服务器启动
2019-11-21 16:49:10,292 - test[line:153] - INFO: 服务器启动
2019-11-21 16:49:39,899 - test[line:153] - INFO: 服务器启动
2019-11-21 16:51:13,870 - test[line:153] - INFO: 服务器启动
2019-11-21 16:51:39,379 - test[line:153] - INFO: 服务器启动
2019-11-21 16:52:06,661 - test[line:153] - INFO: 服务器启动
2019-11-21 16:52:30,867 - test[line:153] - INFO: 服务器启动
2019-11-21 17:09:15,304 - test[line:153] - INFO: 服务器启动
2019-11-21 17:23:20,887 - test[line:153] - INFO: 服务器启动
2019-11-21 17:24:05,749 - test[line:153] - INFO: 服务器启动
2019-11-21 17:25:00,314 - test[line:153] - INFO: 服务器启动
2019-11-21 17:25:47,157 - test[line:153] - INFO: 服务器启动
2019-11-21 17:26:03,828 - test[line:153] - INFO: 服务器启动
2019-11-21 17:26:31,343 - test[line:153] - INFO: 服务器启动
2019-11-21 17:27:07,172 - test[line:153] - INFO: 服务器启动
2019-11-21 17:27:26,601 - test[line:153] - INFO: 服务器启动
2019-11-21 17:28:28,826 - test[line:153] - INFO: 服务器启动
2019-11-21 17:29:37,887 - test[line:153] - INFO: 服务器启动
2019-11-21 17:34:54,187 - test[line:153] - INFO: 服务器启动
2019-11-21 17:36:50,820 - test[line:153] - INFO: 服务器启动
2019-11-21 17:39:55,710 - test[line:153] - INFO: 服务器启动
2019-11-21 17:42:43,838 - test[line:153] - INFO: 服务器启动
2019-11-21 17:44:46,261 - test[line:153] - INFO: 服务器启动
2019-11-21 17:46:41,004 - test[line:153] - INFO: 服务器启动
2019-11-21 17:47:00,317 - test[line:153] - INFO: 服务器启动
2019-11-21 17:49:26,089 - test[line:153] - INFO: 服务器启动
2019-11-21 17:51:04,803 - test[line:153] - INFO: 服务器启动
2019-11-21 17:54:23,898 - test[line:153] - INFO: 服务器启动
2019-11-21 17:54:42,310 - test[line:153] - INFO: 服务器启动
2019-11-22 09:36:36,652 - test[line:153] - INFO: 服务器启动
2019-11-22 09:37:46,619 - test[line:153] - INFO: 服务器启动
2019-11-22 09:44:08,854 - test[line:153] - INFO: 服务器启动
2019-11-22 11:37:01,862 - test[line:153] - INFO: 服务器启动
2019-11-22 11:40:31,537 - test[line:153] - INFO: 服务器启动
2019-11-22 11:57:31,129 - test[line:153] - INFO: 服务器启动
2019-11-22 13:43:02,291 - test[line:153] - INFO: 服务器启动
2019-11-22 14:01:15,435 - test[line:153] - INFO: 服务器启动
2019-11-22 14:01:45,298 - test[line:153] - INFO: 服务器启动
2019-11-22 14:02:57,990 - test[line:153] - INFO: 服务器启动
2019-11-22 14:08:14,345 - test[line:153] - INFO: 服务器启动
2019-11-22 14:11:29,453 - test[line:153] - INFO: 服务器启动
2019-11-22 14:12:18,018 - test[line:153] - INFO: 服务器启动
2019-11-22 14:12:51,773 - test[line:153] - INFO: 服务器启动
2019-11-22 14:13:30,186 - test[line:153] - INFO: 服务器启动
2019-11-22 14:15:35,791 - test[line:153] - INFO: 服务器启动
2019-11-22 14:19:52,929 - test[line:153] - INFO: 服务器启动
2019-11-22 14:21:14,049 - test[line:153] - INFO: 服务器启动
2019-11-22 14:29:06,309 - test[line:153] - INFO: 服务器启动
2019-11-22 14:30:03,006 - test[line:153] - INFO: 服务器启动
2019-11-22 15:09:41,565 - test[line:153] - INFO: 服务器启动
2019-11-22 16:34:18,096 - test[line:153] - INFO: 服务器启动
2019-11-22 16:48:14,052 - test[line:153] - INFO: 服务器启动
2019-11-22 16:49:11,057 - test[line:153] - INFO: 服务器启动
2019-11-22 16:49:42,787 - test[line:153] - INFO: 服务器启动
2019-11-22 16:50:56,629 - test[line:153] - INFO: 服务器启动
2019-11-22 16:51:47,323 - test[line:153] - INFO: 服务器启动
2019-11-22 16:52:20,702 - test[line:153] - INFO: 服务器启动
2019-11-22 17:02:39,684 - test[line:153] - INFO: 服务器启动
2019-11-22 17:07:57,784 - test[line:153] - INFO: 服务器启动
2019-11-22 17:08:33,078 - test[line:153] - INFO: 服务器启动
2019-11-22 17:08:49,301 - test[line:153] - INFO: 服务器启动
2019-11-22 17:10:39,117 - test[line:153] - INFO: 服务器启动
2019-11-22 17:12:46,601 - test[line:153] - INFO: 服务器启动
2019-11-22 17:15:05,934 - test[line:153] - INFO: 服务器启动
2019-11-22 17:16:48,139 - test[line:153] - INFO: 服务器启动
2019-11-22 17:18:47,701 - test[line:153] - INFO: 服务器启动
2019-11-22 17:35:33,366 - test[line:153] - INFO: 服务器启动
2019-11-22 17:37:13,845 - test[line:153] - INFO: 服务器启动
2019-11-22 17:41:02,252 - test[line:153] - INFO: 服务器启动
2019-11-22 17:42:31,428 - test[line:153] - INFO: 服务器启动
2019-11-22 17:45:02,483 - test[line:153] - INFO: 服务器启动
2019-11-22 17:46:05,833 - test[line:153] - INFO: 服务器启动
2019-11-22 17:52:21,739 - test[line:153] - INFO: 服务器启动
2019-11-22 17:54:56,597 - test[line:153] - INFO: 服务器启动
2019-11-22 17:56:46,089 - test[line:153] - INFO: 服务器启动
2019-11-22 17:58:40,989 - test[line:153] - INFO: 服务器启动
2019-11-22 18:00:08,934 - test[line:153] - INFO: 服务器启动
2019-11-22 18:01:14,831 - test[line:153] - INFO: 服务器启动
2019-11-22 18:02:01,946 - test[line:153] - INFO: 服务器启动
2019-11-22 18:03:05,083 - test[line:153] - INFO: 服务器启动
2019-11-22 18:03:50,115 - test[line:153] - INFO: 服务器启动
2019-11-22 18:04:03,963 - test[line:153] - INFO: 服务器启动
2019-11-22 18:05:23,541 - test[line:153] - INFO: 服务器启动
2019-11-22 18:10:12,147 - test[line:153] - INFO: 服务器启动
2019-11-25 10:33:10,861 - test[line:153] - INFO: 服务器启动
2019-11-25 10:38:00,017 - test[line:153] - INFO: 服务器启动
2019-11-25 10:39:09,819 - test[line:153] - INFO: 服务器启动
2019-11-25 10:40:08,191 - test[line:153] - INFO: 服务器启动
2019-11-25 10:50:30,632 - test[line:153] - INFO: 服务器启动
2019-11-25 10:51:00,763 - test[line:153] - INFO: 服务器启动
2019-11-25 10:53:48,443 - test[line:153] - INFO: 服务器启动
2019-11-25 10:54:20,030 - test[line:153] - INFO: 服务器启动
2019-11-25 10:54:29,783 - test[line:153] - INFO: 服务器启动
2019-11-25 10:55:20,073 - test[line:153] - INFO: 服务器启动
2019-11-25 10:56:56,702 - test[line:153] - INFO: 服务器启动
2019-11-25 11:05:02,330 - test[line:153] - INFO: 服务器启动
2019-11-25 11:06:08,293 - test[line:153] - INFO: 服务器启动
2019-11-25 11:06:31,404 - test[line:153] - INFO: 服务器启动
2019-11-25 11:08:27,699 - test[line:153] - INFO: 服务器启动
2019-11-25 11:09:32,557 - test[line:153] - INFO: 服务器启动
2019-11-25 11:12:58,157 - test[line:153] - INFO: 服务器启动
2019-11-25 14:28:54,165 - test[line:153] - INFO: 服务器启动
2019-11-25 14:55:39,956 - test[line:153] - INFO: 服务器启动
2019-11-25 15:23:36,106 - test[line:153] - INFO: 服务器启动
2019-11-25 16:12:44,096 - test[line:157] - INFO: 服务器启动
2019-11-25 16:14:25,133 - test[line:157] - INFO: 服务器启动
2019-11-25 16:17:31,211 - test[line:157] - INFO: 服务器启动
2019-11-25 16:17:53,290 - test[line:157] - INFO: 服务器启动
2019-11-25 16:18:37,825 - test[line:157] - INFO: 服务器启动
2019-11-25 16:18:47,600 - test[line:157] - INFO: 服务器启动
2019-11-25 16:23:30,043 - test[line:157] - INFO: 服务器启动
2019-11-25 16:29:54,611 - test[line:157] - INFO: 服务器启动
2019-11-25 16:31:39,728 - test[line:157] - INFO: 服务器启动
2019-11-25 16:32:37,802 - test[line:157] - INFO: 服务器启动
2019-11-25 16:33:20,872 - test[line:157] - INFO: 服务器启动
2019-11-25 16:35:02,289 - test[line:157] - INFO: 服务器启动
2019-11-25 16:35:33,150 - test[line:157] - INFO: 服务器启动
2019-11-25 16:50:10,265 - test[line:157] - INFO: 服务器启动
2019-11-25 16:54:46,885 - test[line:157] - INFO: 服务器启动
2019-11-25 17:01:07,989 - test[line:157] - INFO: 服务器启动
2019-11-25 17:27:11,992 - test[line:157] - INFO: 服务器启动
2019-11-25 17:27:46,282 - test[line:157] - INFO: 服务器启动
2019-11-25 17:29:38,584 - test[line:157] - INFO: 服务器启动
2019-11-25 17:30:50,730 - test[line:157] - INFO: 服务器启动
2019-11-25 17:31:39,789 - test[line:157] - INFO: 服务器启动
2019-11-25 17:32:11,533 - test[line:157] - INFO: 服务器启动
2019-11-25 17:35:13,447 - test[line:157] - INFO: 服务器启动
2019-11-25 17:44:44,860 - test[line:157] - INFO: 服务器启动
2019-11-25 17:52:09,672 - test[line:157] - INFO: 服务器启动
2019-11-25 17:54:17,694 - test[line:157] - INFO: 服务器启动
2019-11-25 17:57:47,318 - test[line:157] - INFO: 服务器启动
2019-11-26 09:28:08,167 - test[line:157] - INFO: 服务器启动
2019-11-26 09:29:17,872 - test[line:157] - INFO: 服务器启动
2019-11-26 09:35:34,628 - test[line:157] - INFO: 服务器启动
2019-11-26 09:52:21,319 - test[line:157] - INFO: 服务器启动
2019-11-26 09:53:26,396 - test[line:157] - INFO: 服务器启动
2019-11-26 09:54:04,539 - test[line:157] - INFO: 服务器启动
2019-11-26 10:26:45,058 - test[line:157] - INFO: 服务器启动
2019-11-27 11:50:41,082 - test[line:157] - INFO: connect to smtp.qiye.163.com in port 465
2019-11-27 11:50:41,370 - test[line:157] - INFO: Connect SMTP OK
2019-11-27 11:50:41,551 - test[line:141] - DEBUG: 登录服务器成功
2019-11-27 11:50:41,553 - test[line:141] - DEBUG: 我的签名:<华院数据>service@huaat.net
2019-11-27 11:50:41,574 - test[line:153] - ERROR: ("'base64' is not a text encoding; use codecs.encode() to handle arbitrary codecs",)
2019-11-27 11:50:41,575 - test[line:157] - INFO: 邮件发送完毕或无任务，退出登陆
2019-11-27 11:51:32,473 - test[line:157] - INFO: connect to smtp.qiye.163.com in port 465
2019-11-27 11:51:32,822 - test[line:157] - INFO: Connect SMTP OK
2019-11-27 11:51:32,988 - test[line:141] - DEBUG: 登录服务器成功
2019-11-27 11:51:32,988 - test[line:141] - DEBUG: 我的签名:<华院数据>service@huaat.net
2019-11-27 11:51:32,989 - test[line:153] - ERROR: ("'base64' is not a text encoding; use codecs.encode() to handle arbitrary codecs",)
2019-11-27 11:51:32,989 - test[line:157] - INFO: 邮件发送完毕或无任务，退出登陆
2019-11-27 11:52:01,586 - test[line:157] - INFO: connect to smtp.qiye.163.com in port 465
2019-11-27 11:52:01,849 - test[line:157] - INFO: Connect SMTP OK
2019-11-27 11:52:01,963 - test[line:141] - DEBUG: 登录服务器成功
2019-11-27 11:52:01,964 - test[line:141] - DEBUG: 我的签名:<华院数据>service@huaat.net
2019-11-27 11:52:02,562 - test[line:157] - INFO: 邮件发送成功
2019-11-27 11:52:02,562 - test[line:157] - INFO: 邮件发送完毕或无任务，退出登陆
